<?xml version="1.0" encoding="UTF-8"?>
<!-- Generated by org.testng.reporters.JUnitReportReporter -->
<testsuite hostname="LIN59019905" failures="0" tests="1" name="testCases.TC002_LoginTest" time="2.226" errors="0" timestamp="2025-01-02T09:31:59 IST" skipped="0">
  <testcase classname="testCases.TC002_LoginTest" name="logintest" time="2.226"/>
</testsuite> <!-- testCases.TC002_LoginTest -->
