<?xml version="1.0" encoding="UTF-8"?>
<!-- Generated by org.testng.reporters.JUnitReportReporter -->
<testsuite hostname="LIN59019905" failures="0" tests="1" name="testCases.TC002_LoginTest" time="3.269" errors="0" timestamp="2025-01-02T10:45:01 IST" skipped="0">
  <testcase classname="testCases.TC002_LoginTest" name="logintest" time="3.269"/>
</testsuite> <!-- testCases.TC002_LoginTest -->
